#! /usr/share/iverilog-0.9.7/bin/vvp
:ivl_version "0.9.7 " "(v0_9_6)";
:vpi_time_precision + 0;
:vpi_module "system";
:vpi_module "v2005_math";
:vpi_module "va_math";
S_0x22d3530 .scope module, "test" "test" 2 1;
 .timescale 0 0;
v0x22eec30_0 .var "clk", 0 0;
v0x22eecd0_0 .var "controlSignal1", 0 0;
v0x22eed80_0 .var "controlSignal2", 0 0;
v0x22eee30_0 .var "decryptedMessage", 63 0;
v0x22eeee0_0 .var "encryptedMessage", 63 0;
v0x22eef60_0 .var/i "index", 31 0;
v0x22eefe0_0 .var "key", 7 0;
v0x22ef060_0 .net "keyBitOutput", 0 0, v0x22ee120_0; 1 drivers
v0x22ef110_0 .var "originalMessage", 63 0;
v0x22ef190_0 .var "reset", 0 0;
S_0x22eea80 .scope task, "decryptMessage" "decryptMessage" 2 77, 2 77, S_0x22d3530;
 .timescale 0 0;
v0x22eeb70_0 .var "msg", 63 0;
TD_test.decryptMessage ;
    %movi 8, 63, 32;
    %set/v v0x22eef60_0, 8, 32;
T_0.0 ;
    %load/v 8, v0x22eef60_0, 32;
    %cmp/s 0, 8, 32;
    %or 5, 4, 1;
    %jmp/0xz T_0.1, 5;
    %delay 20, 0;
    %ix/getv/s 1, v0x22eef60_0;
    %jmp/1 T_0.2, 4;
    %load/x1p 8, v0x22eeb70_0, 1;
    %jmp T_0.3;
T_0.2 ;
    %mov 8, 2, 1;
T_0.3 ;
; Save base=8 wid=1 in lookaside.
    %load/v 9, v0x22ef060_0, 1;
    %xor 8, 9, 1;
    %ix/getv/s 0, v0x22eef60_0;
    %jmp/1 t_0, 4;
    %set/x0 v0x22eee30_0, 8, 1;
t_0 ;
    %load/v 8, v0x22eef60_0, 32;
    %subi 8, 1, 32;
    %set/v v0x22eef60_0, 8, 32;
    %jmp T_0.0;
T_0.1 ;
    %end;
S_0x22ee990 .scope task, "displayResults" "displayResults" 2 86, 2 86, S_0x22d3530;
 .timescale 0 0;
TD_test.displayResults ;
    %vpi_call 2 88 "$display", "\012Mensagem Cifrada: %s", v0x22eeee0_0;
    %vpi_call 2 89 "$display", "Mensagem Original: %s", v0x22ef110_0;
    %vpi_call 2 90 "$display", "Mensagem Decifrada: %s", v0x22eee30_0;
    %end;
S_0x22ee7e0 .scope task, "encryptMessage" "encryptMessage" 2 68, 2 68, S_0x22d3530;
 .timescale 0 0;
v0x22ee8d0_0 .var "msg", 63 0;
TD_test.encryptMessage ;
    %movi 8, 63, 32;
    %set/v v0x22eef60_0, 8, 32;
T_2.4 ;
    %load/v 8, v0x22eef60_0, 32;
    %cmp/s 0, 8, 32;
    %or 5, 4, 1;
    %jmp/0xz T_2.5, 5;
    %delay 20, 0;
    %ix/getv/s 1, v0x22eef60_0;
    %jmp/1 T_2.6, 4;
    %load/x1p 8, v0x22ee8d0_0, 1;
    %jmp T_2.7;
T_2.6 ;
    %mov 8, 2, 1;
T_2.7 ;
; Save base=8 wid=1 in lookaside.
    %load/v 9, v0x22ef060_0, 1;
    %xor 8, 9, 1;
    %ix/getv/s 0, v0x22eef60_0;
    %jmp/1 t_1, 4;
    %set/x0 v0x22eeee0_0, 8, 1;
t_1 ;
    %load/v 8, v0x22eef60_0, 32;
    %subi 8, 1, 32;
    %set/v v0x22eef60_0, 8, 32;
    %jmp T_2.4;
T_2.5 ;
    %end;
S_0x22ee630 .scope task, "setKey" "setKey" 2 58, 2 58, S_0x22d3530;
 .timescale 0 0;
v0x22ee720_0 .var "seed", 7 0;
TD_test.setKey ;
    %set/v v0x22eecd0_0, 1, 1;
    %set/v v0x22eed80_0, 1, 1;
    %load/v 8, v0x22ee720_0, 8;
    %set/v v0x22eefe0_0, 8, 8;
    %delay 20, 0;
    %set/v v0x22eecd0_0, 0, 1;
    %end;
S_0x22d3620 .scope module, "otp" "streamcipher" 2 15, 3 1, S_0x22d3530;
 .timescale 0 0;
P_0x22d0168 .param/l "DEFAULT_REG_VALUE" 3 12, C4<11111111>;
P_0x22d0190 .param/l "MAX_BIT" 3 12, +C4<0111>;
P_0x22d01b8 .param/l "MIN_BIT" 3 12, +C4<0>;
L_0x22ef410 .functor XOR 1, L_0x22ef240, L_0x22ef340, C4<0>, C4<0>;
L_0x22ef710 .functor XOR 1, L_0x22ef510, L_0x22ef5b0, C4<0>, C4<0>;
v0x22d3710_0 .net *"_s1", 0 0, L_0x22ef240; 1 drivers
v0x22edc20_0 .net *"_s3", 0 0, L_0x22ef340; 1 drivers
v0x22edcc0_0 .net *"_s7", 0 0, L_0x22ef510; 1 drivers
v0x22edd60_0 .net *"_s9", 0 0, L_0x22ef5b0; 1 drivers
v0x22ede10_0 .net "clk", 0 0, v0x22eec30_0; 1 drivers
v0x22edeb0_0 .net "dataInput", 7 0, v0x22eefe0_0; 1 drivers
v0x22edf90_0 .var "dataOutput", 7 0;
v0x22ee030_0 .var "dataOutputEnabled", 0 0;
v0x22ee120_0 .var "dataShifted", 0 0;
v0x22ee1c0_0 .net "edgeBitXOR", 0 0, L_0x22ef410; 1 drivers
v0x22ee2c0_0 .net "loadControl", 0 0, v0x22eecd0_0; 1 drivers
v0x22ee360_0 .net "reset", 0 0, v0x22ef190_0; 1 drivers
v0x22ee470_0 .net "shiftControl", 0 0, v0x22eed80_0; 1 drivers
v0x22ee510_0 .net "shiftedBitXOR", 0 0, L_0x22ef710; 1 drivers
E_0x22c3610 .event posedge, v0x22ede10_0;
L_0x22ef240 .part v0x22edf90_0, 0, 1;
L_0x22ef340 .part v0x22edf90_0, 1, 1;
L_0x22ef510 .part v0x22edf90_0, 7, 1;
L_0x22ef5b0 .part v0x22edf90_0, 6, 1;
    .scope S_0x22d3620;
T_4 ;
    %wait E_0x22c3610;
    %load/v 8, v0x22ee360_0, 1;
    %jmp/0xz  T_4.0, 8;
    %ix/load 0, 8, 0;
    %assign/v0 v0x22edf90_0, 0, 1;
    %ix/load 0, 1, 0;
    %assign/v0 v0x22ee030_0, 0, 0;
    %ix/load 0, 1, 0;
    %assign/v0 v0x22ee120_0, 0, 0;
    %jmp T_4.1;
T_4.0 ;
    %load/v 8, v0x22ee2c0_0, 1;
    %load/v 9, v0x22ee470_0, 1;
    %and 8, 9, 1;
    %jmp/0xz  T_4.2, 8;
    %ix/load 1, 7, 0;
    %mov 4, 0, 1;
    %jmp/1 T_4.4, 4;
    %load/x1p 8, v0x22edeb0_0, 1;
    %jmp T_4.5;
T_4.4 ;
    %mov 8, 2, 1;
T_4.5 ;
; Save base=8 wid=1 in lookaside.
    %ix/load 0, 1, 0;
    %assign/v0 v0x22ee030_0, 0, 8;
    %load/v 8, v0x22edeb0_0, 1; Only need 1 of 8 bits
; Save base=8 wid=1 in lookaside.
    %ix/load 0, 1, 0;
    %assign/v0 v0x22ee120_0, 0, 8;
    %load/v 8, v0x22edeb0_0, 8;
    %ix/load 0, 8, 0;
    %assign/v0 v0x22edf90_0, 0, 8;
    %jmp T_4.3;
T_4.2 ;
    %load/v 8, v0x22ee2c0_0, 1;
    %load/v 9, v0x22ee470_0, 1;
    %inv 9, 1;
    %and 8, 9, 1;
    %jmp/0xz  T_4.6, 8;
    %ix/load 1, 7, 0;
    %mov 4, 0, 1;
    %jmp/1 T_4.8, 4;
    %load/x1p 8, v0x22edf90_0, 1;
    %jmp T_4.9;
T_4.8 ;
    %mov 8, 2, 1;
T_4.9 ;
; Save base=8 wid=1 in lookaside.
    %ix/load 0, 1, 0;
    %assign/v0 v0x22ee030_0, 0, 8;
    %load/v 8, v0x22ee510_0, 1;
    %load/v 9, v0x22edf90_0, 7; Select 7 out of 8 bits
    %ix/load 0, 8, 0;
    %assign/v0 v0x22edf90_0, 0, 8;
    %jmp T_4.7;
T_4.6 ;
    %load/v 8, v0x22ee2c0_0, 1;
    %inv 8, 1;
    %load/v 9, v0x22ee470_0, 1;
    %and 8, 9, 1;
    %jmp/0xz  T_4.10, 8;
    %load/v 8, v0x22edf90_0, 1; Only need 1 of 8 bits
; Save base=8 wid=1 in lookaside.
    %ix/load 0, 1, 0;
    %assign/v0 v0x22ee120_0, 0, 8;
    %ix/load 1, 1, 0;
    %mov 4, 0, 1;
    %jmp/1 T_4.12, 4;
    %load/x1p 16, v0x22edf90_0, 7;
    %jmp T_4.13;
T_4.12 ;
    %mov 16, 2, 7;
T_4.13 ;
    %mov 8, 16, 7; Move signal select into place
    %load/v 15, v0x22ee1c0_0, 1;
    %ix/load 0, 8, 0;
    %assign/v0 v0x22edf90_0, 0, 8;
T_4.10 ;
T_4.7 ;
T_4.3 ;
T_4.1 ;
    %jmp T_4;
    .thread T_4;
    .scope S_0x22d3530;
T_5 ;
    %delay 10, 0;
    %load/v 8, v0x22eec30_0, 1;
    %inv 8, 1;
    %set/v v0x22eec30_0, 8, 1;
    %jmp T_5;
    .thread T_5;
    .scope S_0x22d3530;
T_6 ;
    %set/v v0x22ef190_0, 1, 1;
    %delay 10, 0;
    %set/v v0x22ef190_0, 0, 1;
    %vpi_call 2 31 "$dumpfile", "dump.vcd";
    %vpi_call 2 32 "$dumpvars";
    %set/v v0x22eec30_0, 0, 1;
    %movi 8, 240, 8;
    %set/v v0x22ee720_0, 8, 8;
    %fork TD_test.setKey, S_0x22ee630;
    %join;
    %movi 8, 1430670663, 32;
    %movi 40, 1230195744, 32;
    %set/v v0x22ef110_0, 8, 64;
    %load/v 72, v0x22ef110_0, 64;
    %set/v v0x22ee8d0_0, 72, 64;
    %fork TD_test.encryptMessage, S_0x22ee7e0;
    %join;
    %movi 8, 240, 8;
    %set/v v0x22ee720_0, 8, 8;
    %fork TD_test.setKey, S_0x22ee630;
    %join;
    %load/v 8, v0x22eeee0_0, 64;
    %set/v v0x22eeb70_0, 8, 64;
    %fork TD_test.decryptMessage, S_0x22eea80;
    %join;
    %fork TD_test.displayResults, S_0x22ee990;
    %join;
    %vpi_call 2 54 "$finish";
    %end;
    .thread T_6;
# The file index is used to find the file name in the following table.
:file_names 4;
    "N/A";
    "<interactive>";
    "testbench.sv";
    "design.sv";
