#! /usr/share/iverilog-0.9.7/bin/vvp
:ivl_version "0.9.7 " "(v0_9_6)";
:vpi_time_precision + 0;
:vpi_module "system";
:vpi_module "v2005_math";
:vpi_module "va_math";
S_0x157b580 .scope module, "testbench" "testbench" 2 1;
 .timescale 0 0;
v0x158b790_0 .var "clk", 0 0;
v0x158b830_0 .var "d", 0 0;
v0x158b8e0_0 .net "notq", 0 0, L_0x158bd50; 1 drivers
v0x158b990_0 .net "q", 0 0, L_0x158bc50; 1 drivers
S_0x157b670 .scope module, "df1" "d_flip_flop_desc" 2 4, 3 1, S_0x157b580;
 .timescale 0 0;
L_0x158ba70 .functor NAND 1, v0x158b830_0, v0x158b790_0, C4<1>, C4<1>;
L_0x158bba0 .functor NAND 1, L_0x158ba70, v0x158b790_0, C4<1>, C4<1>;
L_0x158bc50 .functor NAND 1, L_0x158bd50, L_0x158ba70, C4<1>, C4<1>;
L_0x158bd50 .functor NAND 1, L_0x158bc50, L_0x158bba0, C4<1>, C4<1>;
v0x1558940_0 .net "clk", 0 0, v0x158b790_0; 1 drivers
v0x158b420_0 .net "d", 0 0, v0x158b830_0; 1 drivers
v0x158b4c0_0 .alias "notq", 0 0, v0x158b8e0_0;
v0x158b560_0 .alias "q", 0 0, v0x158b990_0;
v0x158b610_0 .net "w1", 0 0, L_0x158ba70; 1 drivers
v0x158b6b0_0 .net "w2", 0 0, L_0x158bba0; 1 drivers
    .scope S_0x157b580;
T_0 ;
    %vpi_call 2 12 "$dumpfile", "dump.vcd";
    %vpi_call 2 13 "$dumpvars", 2'sb01;
    %set/v v0x158b790_0, 0, 1;
    %set/v v0x158b830_0, 0, 1;
    %delay 50, 0;
    %set/v v0x158b830_0, 1, 1;
    %delay 50, 0;
    %set/v v0x158b830_0, 0, 1;
    %delay 50, 0;
    %vpi_call 2 24 "$finish";
    %end;
    .thread T_0;
    .scope S_0x157b580;
T_1 ;
    %delay 2, 0;
    %load/v 8, v0x158b790_0, 1;
    %inv 8, 1;
    %set/v v0x158b790_0, 8, 1;
    %jmp T_1;
    .thread T_1;
# The file index is used to find the file name in the following table.
:file_names 4;
    "N/A";
    "<interactive>";
    "testbench.sv";
    "design.sv";
